{"F:\\Microverse\\toDo-Jest-Test\\src\\storage.js": {"path":"F:\\Microverse\\toDo-Jest-Test\\src\\storage.js","statementMap":{"0":{"start":{"line":3,"column":4},"end":{"line":3,"column":20}},"1":{"start":{"line":7,"column":4},"end":{"line":7,"column":28}},"2":{"start":{"line":11,"column":4},"end":{"line":11,"column":27}}},"fnMap":{"0":{"name":"(anonymous_0)","decl":{"start":{"line":2,"column":2},"end":{"line":2,"column":3}},"loc":{"start":{"line":2,"column":16},"end":{"line":4,"column":3}},"line":2},"1":{"name":"(anonymous_1)","decl":{"start":{"line":6,"column":2},"end":{"line":6,"column":3}},"loc":{"start":{"line":6,"column":22},"end":{"line":8,"column":3}},"line":6},"2":{"name":"(anonymous_2)","decl":{"start":{"line":10,"column":2},"end":{"line":10,"column":3}},"loc":{"start":{"line":10,"column":15},"end":{"line":12,"column":3}},"line":10}},"branchMap":{},"s":{"0":1,"1":7,"2":19},"f":{"0":1,"1":7,"2":19},"b":{},"_coverageSchema":"1a1c01bbd47fc00a2c39e90264f33305004495a9","hash":"2dc750595500ab8def26b1cdf422a13ef4434888"}
,"F:\\Microverse\\toDo-Jest-Test\\src\\task.js": {"path":"F:\\Microverse\\toDo-Jest-Test\\src\\task.js","statementMap":{"0":{"start":{"line":3,"column":21},"end":{"line":3,"column":32}},"1":{"start":{"line":8,"column":4},"end":{"line":12,"column":5}},"2":{"start":{"line":9,"column":6},"end":{"line":9,"column":56}},"3":{"start":{"line":11,"column":6},"end":{"line":11,"column":18}},"4":{"start":{"line":13,"column":4},"end":{"line":13,"column":18}},"5":{"start":{"line":17,"column":25},"end":{"line":17,"column":50}},"6":{"start":{"line":18,"column":4},"end":{"line":18,"column":28}},"7":{"start":{"line":19,"column":4},"end":{"line":19,"column":63}},"8":{"start":{"line":23,"column":4},"end":{"line":23,"column":54}},"9":{"start":{"line":27,"column":28},"end":{"line":27,"column":53}},"10":{"start":{"line":28,"column":4},"end":{"line":28,"column":75}},"11":{"start":{"line":28,"column":41},"end":{"line":28,"column":73}},"12":{"start":{"line":29,"column":4},"end":{"line":29,"column":43}},"13":{"start":{"line":33,"column":24},"end":{"line":33,"column":49}},"14":{"start":{"line":34,"column":4},"end":{"line":34,"column":33}},"15":{"start":{"line":35,"column":4},"end":{"line":35,"column":35}},"16":{"start":{"line":36,"column":4},"end":{"line":36,"column":62}},"17":{"start":{"line":37,"column":4},"end":{"line":37,"column":62}},"18":{"start":{"line":41,"column":4},"end":{"line":41,"column":48}},"19":{"start":{"line":45,"column":18},"end":{"line":45,"column":20}},"20":{"start":{"line":46,"column":4},"end":{"line":48,"column":5}},"21":{"start":{"line":47,"column":6},"end":{"line":47,"column":26}},"22":{"start":{"line":49,"column":24},"end":{"line":49,"column":52}},"23":{"start":{"line":50,"column":4},"end":{"line":50,"column":39}},"24":{"start":{"line":51,"column":4},"end":{"line":61,"column":14}},"25":{"start":{"line":62,"column":4},"end":{"line":62,"column":34}},"26":{"start":{"line":66,"column":4},"end":{"line":68,"column":7}},"27":{"start":{"line":67,"column":6},"end":{"line":67,"column":29}},"28":{"start":{"line":69,"column":4},"end":{"line":69,"column":15}},"29":{"start":{"line":73,"column":4},"end":{"line":75,"column":5}},"30":{"start":{"line":74,"column":6},"end":{"line":74,"column":42}},"31":{"start":{"line":76,"column":4},"end":{"line":76,"column":13}},"32":{"start":{"line":80,"column":21},"end":{"line":80,"column":73}},"33":{"start":{"line":81,"column":4},"end":{"line":81,"column":20}},"34":{"start":{"line":85,"column":18},"end":{"line":85,"column":43}},"35":{"start":{"line":86,"column":4},"end":{"line":86,"column":29}},"36":{"start":{"line":87,"column":4},"end":{"line":87,"column":33}},"37":{"start":{"line":91,"column":23},"end":{"line":91,"column":43}},"38":{"start":{"line":92,"column":4},"end":{"line":96,"column":7}},"39":{"start":{"line":93,"column":6},"end":{"line":95,"column":7}},"40":{"start":{"line":94,"column":8},"end":{"line":94,"column":40}},"41":{"start":{"line":97,"column":4},"end":{"line":97,"column":27}},"42":{"start":{"line":98,"column":18},"end":{"line":98,"column":43}},"43":{"start":{"line":99,"column":22},"end":{"line":99,"column":61}},"44":{"start":{"line":99,"column":45},"end":{"line":99,"column":60}},"45":{"start":{"line":100,"column":4},"end":{"line":100,"column":33}},"46":{"start":{"line":101,"column":4},"end":{"line":101,"column":37}},"47":{"start":{"line":105,"column":21},"end":{"line":105,"column":41}},"48":{"start":{"line":106,"column":4},"end":{"line":106,"column":79}},"49":{"start":{"line":106,"column":38},"end":{"line":106,"column":77}},"50":{"start":{"line":110,"column":18},"end":{"line":110,"column":73}},"51":{"start":{"line":111,"column":21},"end":{"line":111,"column":52}},"52":{"start":{"line":112,"column":20},"end":{"line":112,"column":47}},"53":{"start":{"line":113,"column":4},"end":{"line":113,"column":37}},"54":{"start":{"line":114,"column":4},"end":{"line":114,"column":38}},"55":{"start":{"line":115,"column":4},"end":{"line":115,"column":35}},"56":{"start":{"line":116,"column":4},"end":{"line":125,"column":7}},"57":{"start":{"line":117,"column":6},"end":{"line":119,"column":7}},"58":{"start":{"line":118,"column":8},"end":{"line":118,"column":44}},"59":{"start":{"line":120,"column":6},"end":{"line":120,"column":52}},"60":{"start":{"line":121,"column":6},"end":{"line":121,"column":36}},"61":{"start":{"line":122,"column":6},"end":{"line":122,"column":37}},"62":{"start":{"line":123,"column":6},"end":{"line":123,"column":44}},"63":{"start":{"line":124,"column":6},"end":{"line":124,"column":40}},"64":{"start":{"line":129,"column":21},"end":{"line":129,"column":46}},"65":{"start":{"line":130,"column":14},"end":{"line":130,"column":36}},"66":{"start":{"line":131,"column":4},"end":{"line":131,"column":38}},"67":{"start":{"line":132,"column":4},"end":{"line":132,"column":36}}},"fnMap":{"0":{"name":"(anonymous_0)","decl":{"start":{"line":6,"column":2},"end":{"line":6,"column":3}},"loc":{"start":{"line":6,"column":29},"end":{"line":14,"column":3}},"line":6},"1":{"name":"(anonymous_1)","decl":{"start":{"line":16,"column":2},"end":{"line":16,"column":3}},"loc":{"start":{"line":16,"column":23},"end":{"line":20,"column":3}},"line":16},"2":{"name":"(anonymous_2)","decl":{"start":{"line":22,"column":2},"end":{"line":22,"column":3}},"loc":{"start":{"line":22,"column":30},"end":{"line":24,"column":3}},"line":22},"3":{"name":"(anonymous_3)","decl":{"start":{"line":26,"column":2},"end":{"line":26,"column":3}},"loc":{"start":{"line":26,"column":25},"end":{"line":30,"column":3}},"line":26},"4":{"name":"(anonymous_4)","decl":{"start":{"line":28,"column":28},"end":{"line":28,"column":29}},"loc":{"start":{"line":28,"column":41},"end":{"line":28,"column":73}},"line":28},"5":{"name":"(anonymous_5)","decl":{"start":{"line":32,"column":2},"end":{"line":32,"column":3}},"loc":{"start":{"line":32,"column":35},"end":{"line":38,"column":3}},"line":32},"6":{"name":"(anonymous_6)","decl":{"start":{"line":40,"column":2},"end":{"line":40,"column":3}},"loc":{"start":{"line":40,"column":38},"end":{"line":42,"column":3}},"line":40},"7":{"name":"(anonymous_7)","decl":{"start":{"line":44,"column":2},"end":{"line":44,"column":3}},"loc":{"start":{"line":44,"column":36},"end":{"line":63,"column":3}},"line":44},"8":{"name":"(anonymous_8)","decl":{"start":{"line":65,"column":2},"end":{"line":65,"column":3}},"loc":{"start":{"line":65,"column":26},"end":{"line":70,"column":3}},"line":65},"9":{"name":"(anonymous_9)","decl":{"start":{"line":66,"column":16},"end":{"line":66,"column":17}},"loc":{"start":{"line":66,"column":33},"end":{"line":68,"column":5}},"line":66},"10":{"name":"(anonymous_10)","decl":{"start":{"line":72,"column":2},"end":{"line":72,"column":3}},"loc":{"start":{"line":72,"column":35},"end":{"line":77,"column":3}},"line":72},"11":{"name":"(anonymous_11)","decl":{"start":{"line":79,"column":2},"end":{"line":79,"column":3}},"loc":{"start":{"line":79,"column":24},"end":{"line":82,"column":3}},"line":79},"12":{"name":"(anonymous_12)","decl":{"start":{"line":84,"column":2},"end":{"line":84,"column":3}},"loc":{"start":{"line":84,"column":39},"end":{"line":88,"column":3}},"line":84},"13":{"name":"(anonymous_13)","decl":{"start":{"line":90,"column":2},"end":{"line":90,"column":3}},"loc":{"start":{"line":90,"column":34},"end":{"line":102,"column":3}},"line":90},"14":{"name":"(anonymous_14)","decl":{"start":{"line":92,"column":23},"end":{"line":92,"column":24}},"loc":{"start":{"line":92,"column":32},"end":{"line":96,"column":5}},"line":92},"15":{"name":"(anonymous_15)","decl":{"start":{"line":99,"column":35},"end":{"line":99,"column":36}},"loc":{"start":{"line":99,"column":45},"end":{"line":99,"column":60}},"line":99},"16":{"name":"(anonymous_16)","decl":{"start":{"line":104,"column":2},"end":{"line":104,"column":3}},"loc":{"start":{"line":104,"column":26},"end":{"line":107,"column":3}},"line":104},"17":{"name":"(anonymous_17)","decl":{"start":{"line":106,"column":21},"end":{"line":106,"column":22}},"loc":{"start":{"line":106,"column":38},"end":{"line":106,"column":77}},"line":106},"18":{"name":"(anonymous_18)","decl":{"start":{"line":109,"column":2},"end":{"line":109,"column":3}},"loc":{"start":{"line":109,"column":21},"end":{"line":126,"column":3}},"line":109},"19":{"name":"(anonymous_19)","decl":{"start":{"line":116,"column":38},"end":{"line":116,"column":39}},"loc":{"start":{"line":116,"column":44},"end":{"line":125,"column":5}},"line":116},"20":{"name":"(anonymous_20)","decl":{"start":{"line":128,"column":2},"end":{"line":128,"column":3}},"loc":{"start":{"line":128,"column":30},"end":{"line":133,"column":3}},"line":128}},"branchMap":{"0":{"loc":{"start":{"line":8,"column":4},"end":{"line":12,"column":5}},"type":"if","locations":[{"start":{"line":8,"column":4},"end":{"line":12,"column":5}},{"start":{"line":10,"column":11},"end":{"line":12,"column":5}}],"line":8},"1":{"loc":{"start":{"line":46,"column":4},"end":{"line":48,"column":5}},"type":"if","locations":[{"start":{"line":46,"column":4},"end":{"line":48,"column":5}},{"start":{},"end":{}}],"line":46},"2":{"loc":{"start":{"line":73,"column":4},"end":{"line":75,"column":5}},"type":"if","locations":[{"start":{"line":73,"column":4},"end":{"line":75,"column":5}},{"start":{},"end":{}}],"line":73},"3":{"loc":{"start":{"line":93,"column":6},"end":{"line":95,"column":7}},"type":"if","locations":[{"start":{"line":93,"column":6},"end":{"line":95,"column":7}},{"start":{},"end":{}}],"line":93},"4":{"loc":{"start":{"line":117,"column":6},"end":{"line":119,"column":7}},"type":"if","locations":[{"start":{"line":117,"column":6},"end":{"line":119,"column":7}},{"start":{},"end":{}}],"line":117}},"s":{"0":1,"1":10,"2":9,"3":1,"4":10,"5":3,"6":3,"7":3,"8":3,"9":0,"10":0,"11":0,"12":0,"13":1,"14":1,"15":1,"16":1,"17":1,"18":1,"19":4,"20":4,"21":0,"22":4,"23":4,"24":4,"25":4,"26":2,"27":1,"28":2,"29":0,"30":0,"31":0,"32":2,"33":2,"34":0,"35":0,"36":0,"37":1,"38":1,"39":3,"40":1,"41":1,"42":1,"43":1,"44":2,"45":1,"46":1,"47":1,"48":1,"49":2,"50":0,"51":0,"52":0,"53":0,"54":0,"55":0,"56":0,"57":0,"58":0,"59":0,"60":0,"61":0,"62":0,"63":0,"64":2,"65":2,"66":2,"67":2},"f":{"0":10,"1":3,"2":3,"3":0,"4":0,"5":1,"6":1,"7":4,"8":2,"9":1,"10":0,"11":2,"12":0,"13":1,"14":3,"15":2,"16":1,"17":2,"18":0,"19":0,"20":2},"b":{"0":[9,1],"1":[0,4],"2":[0,0],"3":[1,2],"4":[0,0]},"_coverageSchema":"1a1c01bbd47fc00a2c39e90264f33305004495a9","hash":"d573b09ebd91725b331e0e96fcbd928bbdb1e5d4"}
}
