TN:
SF:src\storage.js
FN:2,(anonymous_0)
FN:6,(anonymous_1)
FN:10,(anonymous_2)
FNF:3
FNH:3
FNDA:1,(anonymous_0)
FNDA:7,(anonymous_1)
FNDA:19,(anonymous_2)
DA:3,1
DA:7,7
DA:11,19
LF:3
LH:3
BRF:0
BRH:0
end_of_record
TN:
SF:src\task.js
FN:6,(anonymous_0)
FN:16,(anonymous_1)
FN:22,(anonymous_2)
FN:26,(anonymous_3)
FN:28,(anonymous_4)
FN:32,(anonymous_5)
FN:40,(anonymous_6)
FN:44,(anonymous_7)
FN:65,(anonymous_8)
FN:66,(anonymous_9)
FN:72,(anonymous_10)
FN:79,(anonymous_11)
FN:84,(anonymous_12)
FN:90,(anonymous_13)
FN:92,(anonymous_14)
FN:99,(anonymous_15)
FN:104,(anonymous_16)
FN:106,(anonymous_17)
FN:109,(anonymous_18)
FN:116,(anonymous_19)
FN:128,(anonymous_20)
FNF:21
FNH:15
FNDA:10,(anonymous_0)
FNDA:3,(anonymous_1)
FNDA:3,(anonymous_2)
FNDA:0,(anonymous_3)
FNDA:0,(anonymous_4)
FNDA:1,(anonymous_5)
FNDA:1,(anonymous_6)
FNDA:4,(anonymous_7)
FNDA:2,(anonymous_8)
FNDA:1,(anonymous_9)
FNDA:0,(anonymous_10)
FNDA:2,(anonymous_11)
FNDA:0,(anonymous_12)
FNDA:1,(anonymous_13)
FNDA:3,(anonymous_14)
FNDA:2,(anonymous_15)
FNDA:1,(anonymous_16)
FNDA:2,(anonymous_17)
FNDA:0,(anonymous_18)
FNDA:0,(anonymous_19)
FNDA:2,(anonymous_20)
DA:3,1
DA:8,10
DA:9,9
DA:11,1
DA:13,10
DA:17,3
DA:18,3
DA:19,3
DA:23,3
DA:27,0
DA:28,0
DA:29,0
DA:33,1
DA:34,1
DA:35,1
DA:36,1
DA:37,1
DA:41,1
DA:45,4
DA:46,4
DA:47,0
DA:49,4
DA:50,4
DA:51,4
DA:62,4
DA:66,2
DA:67,1
DA:69,2
DA:73,0
DA:74,0
DA:76,0
DA:80,2
DA:81,2
DA:85,0
DA:86,0
DA:87,0
DA:91,1
DA:92,1
DA:93,3
DA:94,1
DA:97,1
DA:98,1
DA:99,2
DA:100,1
DA:101,1
DA:105,1
DA:106,2
DA:110,0
DA:111,0
DA:112,0
DA:113,0
DA:114,0
DA:115,0
DA:116,0
DA:117,0
DA:118,0
DA:120,0
DA:121,0
DA:122,0
DA:123,0
DA:124,0
DA:129,2
DA:130,2
DA:131,2
DA:132,2
LF:65
LH:41
BRDA:8,0,0,9
BRDA:8,0,1,1
BRDA:46,1,0,0
BRDA:46,1,1,4
BRDA:73,2,0,0
BRDA:73,2,1,0
BRDA:93,3,0,1
BRDA:93,3,1,2
BRDA:117,4,0,0
BRDA:117,4,1,0
BRF:10
BRH:5
end_of_record
